#
# There is insufficient memory for the Java Runtime Environment to continue.
# Native memory allocation (malloc) failed to allocate 1048576 bytes for AllocateHeap
# Possible reasons:
#   The system is out of physical RAM or swap space
#   The process is running with CompressedOops enabled, and the Java Heap may be blocking the growth of the native heap
# Possible solutions:
#   Reduce memory load on the system
#   Increase physical memory or swap space
#   Check if swap backing store is full
#   Decrease Java heap size (-Xmx/-Xms)
#   Decrease number of Java threads
#   Decrease Java thread stack sizes (-Xss)
#   Set larger code cache with -XX:ReservedCodeCacheSize=
#   JVM is running with Unscaled Compressed Oops mode in which the Java heap is
#     placed in the first 4GB address space. The Java Heap base address is the
#     maximum limit for the native heap growth. Please use -XX:HeapBaseMinAddress
#     to set the Java Heap base and to place the Java Heap above 4GB virtual address.
# This output file may be truncated or incomplete.
#
#  Out of Memory Error (./open/src/hotspot/share/memory/allocation.cpp:46), pid=3232, tid=10352
#
# JRE version: Java(TM) SE Runtime Environment 18.9 (11.0.13+10) (build 11.0.13+10-LTS-370)
# Java VM: Java HotSpot(TM) 64-Bit Server VM 18.9 (11.0.13+10-LTS-370, mixed mode, tiered, compressed oops, g1 gc, windows-amd64)
# No core dump will be written. Minidumps are not enabled by default on client versions of Windows
#

---------------  S U M M A R Y ------------

Command Line: -Dcom.sun.management.jmxremote -Dcom.sun.management.jmxremote.port=54215 -Dcom.sun.management.jmxremote.authenticate=false -Dcom.sun.management.jmxremote.ssl=false -Djava.rmi.server.hostname=localhost -Dspring.jmx.enabled=true -Dspring.application.admin.enabled=true -XX:TieredStopAtLevel=1 -Dspring.boot.project.name=DiscoveryService -Dfile.encoding=UTF-8 com.demo.DiscoveryServiceApplication --spring.output.ansi.enabled=always

Host: Intel(R) Xeon(R) Platinum 8272CL CPU @ 2.60GHz, 2 cores, 7G,  Windows 10 , 64 bit Build 19041 (10.0.19041.1706)
Time: Thu May 26 17:59:53 2022 India Standard Time elapsed time: 1.080291 seconds (0d 0h 0m 1s)

---------------  T H R E A D  ---------------

Current thread (0x0000020a34b36000):  VMThread "VM Thread" [stack: 0x000000833e200000,0x000000833e300000] [id=10352]

Stack: [0x000000833e200000,0x000000833e300000]
[error occurred during error reporting (printing stack bounds), id 0xc0000005, EXCEPTION_ACCESS_VIOLATION (0xc0000005) at pc=0x0000020a1e7710e7]

Native frames: (J=compiled Java code, j=interpreted, Vv=VM code, C=native code)
V  [jvm.dll+0x62870a]
V  [jvm.dll+0x761f2f]
V  [jvm.dll+0x7635d9]
V  [jvm.dll+0x763bc5]
V  [jvm.dll+0x763b7b]
V  [jvm.dll+0x627c53]
V  [jvm.dll+0x628308]
C  [ntdll.dll+0xa209f]
C  [ntdll.dll+0x51454]
C  [ntdll.dll+0xa0bce]
C  0x0000020a1e7710e7

VM_Operation (0x000000833dcf8990): CollectForMetadataAllocation, mode: safepoint, requested by thread 0x0000020a15916000


---------------  P R O C E S S  ---------------

Threads class SMR info:
_java_thread_list=0x0000020a35cab160, length=12, elements={
0x0000020a15916000, 0x0000020a34b4a800, 0x0000020a34b41800, 0x0000020a354d3800,
0x0000020a34b5b000, 0x0000020a34b5e000, 0x0000020a34b60000, 0x0000020a34b83000,
0x0000020a34ad7800, 0x0000020a35c4b800, 0x0000020a35c49000, 0x0000020a35cbe800
}

Java Threads: ( => current thread )
  0x0000020a15916000 JavaThread "main" [_thread_blocked, id=2948, stack(0x000000833dc00000,0x000000833dd00000)]
  0x0000020a34b4a800 JavaThread "Reference Handler" daemon [_thread_blocked, id=2104, stack(0x000000833e300000,0x000000833e400000)]
  0x0000020a34b41800 JavaThread "Finalizer" daemon [_thread_blocked, id=3580, stack(0x000000833e400000,0x000000833e500000)]
  0x0000020a354d3800 JavaThread "Signal Dispatcher" daemon [_thread_blocked, id=660, stack(0x000000833e500000,0x000000833e600000)]
  0x0000020a34b5b000 JavaThread "Attach Listener" daemon [_thread_blocked, id=2456, stack(0x000000833e600000,0x000000833e700000)]
  0x0000020a34b5e000 JavaThread "Service Thread" daemon [_thread_blocked, id=8584, stack(0x000000833e700000,0x000000833e800000)]
  0x0000020a34b60000 JavaThread "C1 CompilerThread0" daemon [_thread_blocked, id=9008, stack(0x000000833e800000,0x000000833e900000)]
  0x0000020a34b83000 JavaThread "Sweeper thread" daemon [_thread_blocked, id=2564, stack(0x000000833e900000,0x000000833ea00000)]
  0x0000020a34ad7800 JavaThread "Common-Cleaner" daemon [_thread_blocked, id=6252, stack(0x000000833ea00000,0x000000833eb00000)]
  0x0000020a35c4b800 JavaThread "RMI TCP Accept-0" daemon [_thread_in_native, id=1844, stack(0x000000833ec00000,0x000000833ed00000)]
  0x0000020a35c49000 JavaThread "RMI TCP Accept-54215" daemon [_thread_in_native, id=7332, stack(0x000000833ed00000,0x000000833ee00000)]
  0x0000020a35cbe800 JavaThread "RMI TCP Accept-0" daemon [_thread_in_native, id=5756, stack(0x000000833ee00000,0x000000833ef00000)]

Other Threads:
=>0x0000020a34b36000 VMThread "VM Thread" [stack: 0x000000833e200000,0x000000833e300000] [id=10352]
  0x0000020a35cc0000 WatcherThread [stack: 0x000000833ef00000,0x000000833f000000] [id=10160]
  0x0000020a1592c800 GCTaskThread "GC Thread#0" [stack: 0x000000833dd00000,0x000000833de00000] [id=5240]
  0x0000020a356ac800 GCTaskThread "GC Thread#1" [stack: 0x000000833eb00000,0x000000833ec00000] [id=464]
  0x0000020a1595d000 ConcurrentGCThread "G1 Main Marker" [stack: 0x000000833de00000,0x000000833df00000] [id=9076]
  0x0000020a1595f000 ConcurrentGCThread "G1 Conc#0" [stack: 0x000000833df00000,0x000000833e000000] [id=11200]
  0x0000020a159e8000 ConcurrentGCThread "G1 Refine#0" [stack: 0x000000833e000000,0x000000833e100000] [id=4632]
  0x0000020a159e9800 ConcurrentGCThread "G1 Young RemSet Sampling" [stack: 0x000000833e100000,0x000000833e200000] [id=6048]

Threads with active compile tasks:

VM state:at safepoint (normal execution)

VM Mutex/Monitor currently owned by a thread:  ([mutex/lock_event])
[0x0000020a15913d10] Threads_lock - owner thread: 0x0000020a34b36000
[0x0000020a159136e0] Heap_lock - owner thread: 0x0000020a15916000

Heap address: 0x0000000080000000, size: 2048 MB, Compressed Oops mode: 32-bit
Narrow klass base: 0x0000000000000000, Narrow klass shift: 3
Compressed class space size: 1073741824 Address: 0x0000000100000000

Heap:
 garbage-first heap   total 131072K, used 6595K [0x0000000080000000, 0x0000000100000000)
  region size 1024K, 2 young (2048K), 2 survivors (2048K)
 Metaspace       used 12038K, capacity 12342K, committed 12416K, reserved 1060864K
  class space    used 1282K, capacity 1407K, committed 1408K, reserved 1048576K
Heap Regions: E=young(eden), S=young(survivor), O=old, HS=humongous(starts), HC=humongous(continues), CS=collection set, F=free, A=archive, TAMS=top-at-mark-start (previous, next)
|   0|0x0000000080000000, 0x0000000080070c00, 0x0000000080100000| 44%| O|  |TAMS 0x0000000080000000, 0x0000000080070c00| Untracked 
|   1|0x0000000080100000, 0x0000000080200000, 0x0000000080200000|100%| O|  |TAMS 0x0000000080100000, 0x0000000080200000| Untracked 
|   2|0x0000000080200000, 0x0000000080300000, 0x0000000080300000|100%| O|  |TAMS 0x0000000080200000, 0x0000000080300000| Untracked 
|   3|0x0000000080300000, 0x0000000080400000, 0x0000000080400000|100%| O|  |TAMS 0x0000000080300000, 0x0000000080400000| Untracked 
|   4|0x0000000080400000, 0x0000000080500000, 0x0000000080500000|100%| O|  |TAMS 0x0000000080400000, 0x0000000080500000| Untracked 
|   5|0x0000000080500000, 0x0000000080500000, 0x0000000080600000|  0%| F|  |TAMS 0x0000000080500000, 0x0000000080500000| Untracked 
|   6|0x0000000080600000, 0x0000000080600000, 0x0000000080700000|  0%| F|  |TAMS 0x0000000080600000, 0x0000000080600000| Untracked 
|   7|0x0000000080700000, 0x0000000080700000, 0x0000000080800000|  0%| F|  |TAMS 0x0000000080700000, 0x0000000080700000| Untracked 
|   8|0x0000000080800000, 0x0000000080800000, 0x0000000080900000|  0%| F|  |TAMS 0x0000000080800000, 0x0000000080800000| Untracked 
|   9|0x0000000080900000, 0x0000000080900000, 0x0000000080a00000|  0%| F|  |TAMS 0x0000000080900000, 0x0000000080900000| Untracked 
|  10|0x0000000080a00000, 0x0000000080a00000, 0x0000000080b00000|  0%| F|  |TAMS 0x0000000080a00000, 0x0000000080a00000| Untracked 
|  11|0x0000000080b00000, 0x0000000080b00000, 0x0000000080c00000|  0%| F|  |TAMS 0x0000000080b00000, 0x0000000080b00000| Untracked 
|  12|0x0000000080c00000, 0x0000000080c00000, 0x0000000080d00000|  0%| F|  |TAMS 0x0000000080c00000, 0x0000000080c00000| Untracked 
|  13|0x0000000080d00000, 0x0000000080d00000, 0x0000000080e00000|  0%| F|  |TAMS 0x0000000080d00000, 0x0000000080d00000| Untracked 
|  14|0x0000000080e00000, 0x0000000080e00000, 0x0000000080f00000|  0%| F|  |TAMS 0x0000000080e00000, 0x0000000080e00000| Untracked 
|  15|0x0000000080f00000, 0x0000000080f00000, 0x0000000081000000|  0%| F|  |TAMS 0x0000000080f00000, 0x0000000080f00000| Untracked 
|  16|0x0000000081000000, 0x0000000081000000, 0x0000000081100000|  0%| F|  |TAMS 0x0000000081000000, 0x0000000081000000| Untracked 
|  17|0x0000000081100000, 0x0000000081100000, 0x0000000081200000|  0%| F|  |TAMS 0x0000000081100000, 0x0000000081100000| Untracked 
|  18|0x0000000081200000, 0x0000000081200000, 0x0000000081300000|  0%| F|  |TAMS 0x0000000081200000, 0x0000000081200000| Untracked 
|  19|0x0000000081300000, 0x0000000081300000, 0x0000000081400000|  0%| F|  |TAMS 0x0000000081300000, 0x0000000081300000| Untracked 
|  20|0x0000000081400000, 0x0000000081400000, 0x0000000081500000|  0%| F|  |TAMS 0x0000000081400000, 0x0000000081400000| Untracked 
|  21|0x0000000081500000, 0x0000000081500000, 0x0000000081600000|  0%| F|  |TAMS 0x0000000081500000, 0x0000000081500000| Untracked 
|  22|0x0000000081600000, 0x0000000081600000, 0x0000000081700000|  0%| F|  |TAMS 0x0000000081600000, 0x0000000081600000| Untracked 
|  23|0x0000000081700000, 0x0000000081700000, 0x0000000081800000|  0%| F|  |TAMS 0x0000000081700000, 0x0000000081700000| Untracked 
|  24|0x0000000081800000, 0x0000000081800000, 0x0000000081900000|  0%| F|  |TAMS 0x0000000081800000, 0x0000000081800000| Untracked 
|  25|0x0000000081900000, 0x0000000081900000, 0x0000000081a00000|  0%| F|  |TAMS 0x0000000081900000, 0x0000000081900000| Untracked 
|  26|0x0000000081a00000, 0x0000000081a00000, 0x0000000081b00000|  0%| F|  |TAMS 0x0000000081a00000, 0x0000000081a00000| Untracked 
|  27|0x0000000081b00000, 0x0000000081b00000, 0x0000000081c00000|  0%| F|  |TAMS 0x0000000081b00000, 0x0000000081b00000| Untracked 
|  28|0x0000000081c00000, 0x0000000081c00000, 0x0000000081d00000|  0%| F|  |TAMS 0x0000000081c00000, 0x0000000081c00000| Untracked 
|  29|0x0000000081d00000, 0x0000000081d00000, 0x0000000081e00000|  0%| F|  |TAMS 0x0000000081d00000, 0x0000000081d00000| Untracked 
|  30|0x0000000081e00000, 0x0000000081e00000, 0x0000000081f00000|  0%| F|  |TAMS 0x0000000081e00000, 0x0000000081e00000| Untracked 
|  31|0x0000000081f00000, 0x0000000081f00000, 0x0000000082000000|  0%| F|  |TAMS 0x0000000081f00000, 0x0000000081f00000| Untracked 
|  32|0x0000000082000000, 0x0000000082000000, 0x0000000082100000|  0%| F|  |TAMS 0x0000000082000000, 0x0000000082000000| Untracked 
|  33|0x0000000082100000, 0x0000000082100000, 0x0000000082200000|  0%| F|  |TAMS 0x0000000082100000, 0x0000000082100000| Untracked 
|  34|0x0000000082200000, 0x0000000082200000, 0x0000000082300000|  0%| F|  |TAMS 0x0000000082200000, 0x0000000082200000| Untracked 
|  35|0x0000000082300000, 0x0000000082300000, 0x0000000082400000|  0%| F|  |TAMS 0x0000000082300000, 0x0000000082300000| Untracked 
|  36|0x0000000082400000, 0x0000000082400000, 0x0000000082500000|  0%| F|  |TAMS 0x0000000082400000, 0x0000000082400000| Untracked 
|  37|0x0000000082500000, 0x0000000082500000, 0x0000000082600000|  0%| F|  |TAMS 0x0000000082500000, 0x0000000082500000| Untracked 
|  38|0x0000000082600000, 0x0000000082600000, 0x0000000082700000|  0%| F|  |TAMS 0x0000000082600000, 0x0000000082600000| Untracked 
|  39|0x0000000082700000, 0x0000000082700000, 0x0000000082800000|  0%| F|  |TAMS 0x0000000082700000, 0x0000000082700000| Untracked 
|  40|0x0000000082800000, 0x0000000082800000, 0x0000000082900000|  0%| F|  |TAMS 0x0000000082800000, 0x0000000082800000| Untracked 
|  41|0x0000000082900000, 0x0000000082900000, 0x0000000082a00000|  0%| F|  |TAMS 0x0000000082900000, 0x0000000082900000| Untracked 
|  42|0x0000000082a00000, 0x0000000082a00000, 0x0000000082b00000|  0%| F|  |TAMS 0x0000000082a00000, 0x0000000082a00000| Untracked 
|  43|0x0000000082b00000, 0x0000000082b00000, 0x0000000082c00000|  0%| F|  |TAMS 0x0000000082b00000, 0x0000000082b00000| Untracked 
|  44|0x0000000082c00000, 0x0000000082c00000, 0x0000000082d00000|  0%| F|  |TAMS 0x0000000082c00000, 0x0000000082c00000| Untracked 
|  45|0x0000000082d00000, 0x0000000082d00000, 0x0000000082e00000|  0%| F|  |TAMS 0x0000000082d00000, 0x0000000082d00000| Untracked 
|  46|0x0000000082e00000, 0x0000000082e00000, 0x0000000082f00000|  0%| F|  |TAMS 0x0000000082e00000, 0x0000000082e00000| Untracked 
|  47|0x0000000082f00000, 0x0000000082f00000, 0x0000000083000000|  0%| F|  |TAMS 0x0000000082f00000, 0x0000000082f00000| Untracked 
|  48|0x0000000083000000, 0x0000000083000000, 0x0000000083100000|  0%| F|  |TAMS 0x0000000083000000, 0x0000000083000000| Untracked 
|  49|0x0000000083100000, 0x0000000083100000, 0x0000000083200000|  0%| F|  |TAMS 0x0000000083100000, 0x0000000083100000| Untracked 
|  50|0x0000000083200000, 0x0000000083200000, 0x0000000083300000|  0%| F|  |TAMS 0x0000000083200000, 0x0000000083200000| Untracked 
|  51|0x0000000083300000, 0x0000000083300000, 0x0000000083400000|  0%| F|  |TAMS 0x0000000083300000, 0x0000000083300000| Untracked 
|  52|0x0000000083400000, 0x0000000083400000, 0x0000000083500000|  0%| F|  |TAMS 0x0000000083400000, 0x0000000083400000| Untracked 
|  53|0x0000000083500000, 0x0000000083500000, 0x0000000083600000|  0%| F|  |TAMS 0x0000000083500000, 0x0000000083500000| Untracked 
|  54|0x0000000083600000, 0x0000000083600000, 0x0000000083700000|  0%| F|  |TAMS 0x0000000083600000, 0x0000000083600000| Untracked 
|  55|0x0000000083700000, 0x0000000083700000, 0x0000000083800000|  0%| F|  |TAMS 0x0000000083700000, 0x0000000083700000| Untracked 
|  56|0x0000000083800000, 0x0000000083800000, 0x0000000083900000|  0%| F|  |TAMS 0x0000000083800000, 0x0000000083800000| Untracked 
|  57|0x0000000083900000, 0x0000000083900000, 0x0000000083a00000|  0%| F|  |TAMS 0x0000000083900000, 0x0000000083900000| Untracked 
|  58|0x0000000083a00000, 0x0000000083a00000, 0x0000000083b00000|  0%| F|  |TAMS 0x0000000083a00000, 0x0000000083a00000| Untracked 
|  59|0x0000000083b00000, 0x0000000083b00000, 0x0000000083c00000|  0%| F|  |TAMS 0x0000000083b00000, 0x0000000083b00000| Untracked 
|  60|0x0000000083c00000, 0x0000000083c00000, 0x0000000083d00000|  0%| F|  |TAMS 0x0000000083c00000, 0x0000000083c00000| Untracked 
|  61|0x0000000083d00000, 0x0000000083d00000, 0x0000000083e00000|  0%| F|  |TAMS 0x0000000083d00000, 0x0000000083d00000| Untracked 
|  62|0x0000000083e00000, 0x0000000083e00000, 0x0000000083f00000|  0%| F|  |TAMS 0x0000000083e00000, 0x0000000083e00000| Untracked 
|  63|0x0000000083f00000, 0x0000000083f00000, 0x0000000084000000|  0%| F|  |TAMS 0x0000000083f00000, 0x0000000083f00000| Untracked 
|  64|0x0000000084000000, 0x0000000084000000, 0x0000000084100000|  0%| F|  |TAMS 0x0000000084000000, 0x0000000084000000| Untracked 
|  65|0x0000000084100000, 0x0000000084100000, 0x0000000084200000|  0%| F|  |TAMS 0x0000000084100000, 0x0000000084100000| Untracked 
|  66|0x0000000084200000, 0x0000000084200000, 0x0000000084300000|  0%| F|  |TAMS 0x0000000084200000, 0x0000000084200000| Untracked 
|  67|0x0000000084300000, 0x0000000084300000, 0x0000000084400000|  0%| F|  |TAMS 0x0000000084300000, 0x0000000084300000| Untracked 
|  68|0x0000000084400000, 0x0000000084400000, 0x0000000084500000|  0%| F|  |TAMS 0x0000000084400000, 0x0000000084400000| Untracked 
|  69|0x0000000084500000, 0x0000000084500000, 0x0000000084600000|  0%| F|  |TAMS 0x0000000084500000, 0x0000000084500000| Untracked 
|  70|0x0000000084600000, 0x0000000084600000, 0x0000000084700000|  0%| F|  |TAMS 0x0000000084600000, 0x0000000084600000| Untracked 
|  71|0x0000000084700000, 0x0000000084700000, 0x0000000084800000|  0%| F|  |TAMS 0x0000000084700000, 0x0000000084700000| Untracked 
|  72|0x0000000084800000, 0x0000000084800000, 0x0000000084900000|  0%| F|  |TAMS 0x0000000084800000, 0x0000000084800000| Untracked 
|  73|0x0000000084900000, 0x0000000084900000, 0x0000000084a00000|  0%| F|  |TAMS 0x0000000084900000, 0x0000000084900000| Untracked 
|  74|0x0000000084a00000, 0x0000000084a00000, 0x0000000084b00000|  0%| F|  |TAMS 0x0000000084a00000, 0x0000000084a00000| Untracked 
|  75|0x0000000084b00000, 0x0000000084b00000, 0x0000000084c00000|  0%| F|  |TAMS 0x0000000084b00000, 0x0000000084b00000| Untracked 
|  76|0x0000000084c00000, 0x0000000084c00000, 0x0000000084d00000|  0%| F|  |TAMS 0x0000000084c00000, 0x0000000084c00000| Untracked 
|  77|0x0000000084d00000, 0x0000000084d00000, 0x0000000084e00000|  0%| F|  |TAMS 0x0000000084d00000, 0x0000000084d00000| Untracked 
|  78|0x0000000084e00000, 0x0000000084e00000, 0x0000000084f00000|  0%| F|  |TAMS 0x0000000084e00000, 0x0000000084e00000| Untracked 
|  79|0x0000000084f00000, 0x0000000084f00000, 0x0000000085000000|  0%| F|  |TAMS 0x0000000084f00000, 0x0000000084f00000| Untracked 
|  80|0x0000000085000000, 0x0000000085000000, 0x0000000085100000|  0%| F|  |TAMS 0x0000000085000000, 0x0000000085000000| Untracked 
|  81|0x0000000085100000, 0x0000000085100000, 0x0000000085200000|  0%| F|  |TAMS 0x0000000085100000, 0x0000000085100000| Untracked 
|  82|0x0000000085200000, 0x0000000085200000, 0x0000000085300000|  0%| F|  |TAMS 0x0000000085200000, 0x0000000085200000| Untracked 
|  83|0x0000000085300000, 0x0000000085300000, 0x0000000085400000|  0%| F|  |TAMS 0x0000000085300000, 0x0000000085300000| Untracked 
|  84|0x0000000085400000, 0x0000000085400000, 0x0000000085500000|  0%| F|  |TAMS 0x0000000085400000, 0x0000000085400000| Untracked 
|  85|0x0000000085500000, 0x0000000085500000, 0x0000000085600000|  0%| F|  |TAMS 0x0000000085500000, 0x0000000085500000| Untracked 
|  86|0x0000000085600000, 0x0000000085600000, 0x0000000085700000|  0%| F|  |TAMS 0x0000000085600000, 0x0000000085600000| Untracked 
|  87|0x0000000085700000, 0x0000000085700000, 0x0000000085800000|  0%| F|  |TAMS 0x0000000085700000, 0x0000000085700000| Untracked 
|  88|0x0000000085800000, 0x0000000085800000, 0x0000000085900000|  0%| F|  |TAMS 0x0000000085800000, 0x0000000085800000| Untracked 
|  89|0x0000000085900000, 0x0000000085900000, 0x0000000085a00000|  0%| F|  |TAMS 0x0000000085900000, 0x0000000085900000| Untracked 
|  90|0x0000000085a00000, 0x0000000085a00000, 0x0000000085b00000|  0%| F|  |TAMS 0x0000000085a00000, 0x0000000085a00000| Untracked 
|  91|0x0000000085b00000, 0x0000000085b00000, 0x0000000085c00000|  0%| F|  |TAMS 0x0000000085b00000, 0x0000000085b00000| Untracked 
|  92|0x0000000085c00000, 0x0000000085c00000, 0x0000000085d00000|  0%| F|  |TAMS 0x0000000085c00000, 0x0000000085c00000| Untracked 
|  93|0x0000000085d00000, 0x0000000085d00000, 0x0000000085e00000|  0%| F|  |TAMS 0x0000000085d00000, 0x0000000085d00000| Untracked 
|  94|0x0000000085e00000, 0x0000000085e00000, 0x0000000085f00000|  0%| F|  |TAMS 0x0000000085e00000, 0x0000000085e00000| Untracked 
|  95|0x0000000085f00000, 0x0000000085f00000, 0x0000000086000000|  0%| F|  |TAMS 0x0000000085f00000, 0x0000000085f00000| Untracked 
|  96|0x0000000086000000, 0x0000000086000000, 0x0000000086100000|  0%| F|  |TAMS 0x0000000086000000, 0x0000000086000000| Untracked 
|  97|0x0000000086100000, 0x0000000086100000, 0x0000000086200000|  0%| F|  |TAMS 0x0000000086100000, 0x0000000086100000| Untracked 
|  98|0x0000000086200000, 0x0000000086200000, 0x0000000086300000|  0%| F|  |TAMS 0x0000000086200000, 0x0000000086200000| Untracked 
|  99|0x0000000086300000, 0x0000000086300000, 0x0000000086400000|  0%| F|  |TAMS 0x0000000086300000, 0x0000000086300000| Untracked 
| 100|0x0000000086400000, 0x0000000086400000, 0x0000000086500000|  0%| F|  |TAMS 0x0000000086400000, 0x0000000086400000| Untracked 
| 101|0x0000000086500000, 0x0000000086500000, 0x0000000086600000|  0%| F|  |TAMS 0x0000000086500000, 0x0000000086500000| Untracked 
| 102|0x0000000086600000, 0x0000000086600000, 0x0000000086700000|  0%| F|  |TAMS 0x0000000086600000, 0x0000000086600000| Untracked 
| 103|0x0000000086700000, 0x0000000086700000, 0x0000000086800000|  0%| F|  |TAMS 0x0000000086700000, 0x0000000086700000| Untracked 
| 104|0x0000000086800000, 0x0000000086800000, 0x0000000086900000|  0%| F|  |TAMS 0x0000000086800000, 0x0000000086800000| Untracked 
| 105|0x0000000086900000, 0x0000000086900000, 0x0000000086a00000|  0%| F|  |TAMS 0x0000000086900000, 0x0000000086900000| Untracked 
| 106|0x0000000086a00000, 0x0000000086a00000, 0x0000000086b00000|  0%| F|  |TAMS 0x0000000086a00000, 0x0000000086a00000| Untracked 
| 107|0x0000000086b00000, 0x0000000086b00000, 0x0000000086c00000|  0%| F|  |TAMS 0x0000000086b00000, 0x0000000086b00000| Untracked 
| 108|0x0000000086c00000, 0x0000000086c00000, 0x0000000086d00000|  0%| F|  |TAMS 0x0000000086c00000, 0x0000000086c00000| Untracked 
| 109|0x0000000086d00000, 0x0000000086d00000, 0x0000000086e00000|  0%| F|  |TAMS 0x0000000086d00000, 0x0000000086d00000| Untracked 
| 110|0x0000000086e00000, 0x0000000086e00000, 0x0000000086f00000|  0%| F|  |TAMS 0x0000000086e00000, 0x0000000086e00000| Untracked 
| 111|0x0000000086f00000, 0x0000000086f00000, 0x0000000087000000|  0%| F|  |TAMS 0x0000000086f00000, 0x0000000086f00000| Untracked 
| 112|0x0000000087000000, 0x0000000087000000, 0x0000000087100000|  0%| F|  |TAMS 0x0000000087000000, 0x0000000087000000| Untracked 
| 113|0x0000000087100000, 0x0000000087100000, 0x0000000087200000|  0%| F|  |TAMS 0x0000000087100000, 0x0000000087100000| Untracked 
| 114|0x0000000087200000, 0x0000000087300000, 0x0000000087300000|100%| S|CS|TAMS 0x0000000087200000, 0x0000000087200000| Complete 
| 115|0x0000000087300000, 0x0000000087400000, 0x0000000087400000|100%| S|CS|TAMS 0x0000000087300000, 0x0000000087300000| Complete 
| 116|0x0000000087400000, 0x0000000087400000, 0x0000000087500000|  0%| F|  |TAMS 0x0000000087400000, 0x0000000087400000| Untracked 
| 117|0x0000000087500000, 0x0000000087500000, 0x0000000087600000|  0%| F|  |TAMS 0x0000000087500000, 0x0000000087500000| Untracked 
| 118|0x0000000087600000, 0x0000000087600000, 0x0000000087700000|  0%| F|  |TAMS 0x0000000087600000, 0x0000000087600000| Untracked 
| 119|0x0000000087700000, 0x0000000087700000, 0x0000000087800000|  0%| F|  |TAMS 0x0000000087700000, 0x0000000087700000| Untracked 
| 120|0x0000000087800000, 0x0000000087800000, 0x0000000087900000|  0%| F|  |TAMS 0x0000000087800000, 0x0000000087800000| Untracked 
| 121|0x0000000087900000, 0x0000000087900000, 0x0000000087a00000|  0%| F|  |TAMS 0x0000000087900000, 0x0000000087900000| Untracked 
| 122|0x0000000087a00000, 0x0000000087a00000, 0x0000000087b00000|  0%| F|  |TAMS 0x0000000087a00000, 0x0000000087a00000| Untracked 
| 123|0x0000000087b00000, 0x0000000087b00000, 0x0000000087c00000|  0%| F|  |TAMS 0x0000000087b00000, 0x0000000087b00000| Untracked 
| 124|0x0000000087c00000, 0x0000000087c00000, 0x0000000087d00000|  0%| F|  |TAMS 0x0000000087c00000, 0x0000000087c00000| Untracked 
| 125|0x0000000087d00000, 0x0000000087d00000, 0x0000000087e00000|  0%| F|  |TAMS 0x0000000087d00000, 0x0000000087d00000| Untracked 
| 126|0x0000000087e00000, 0x0000000087e00000, 0x0000000087f00000|  0%| F|  |TAMS 0x0000000087e00000, 0x0000000087e00000| Untracked 
| 127|0x0000000087f00000, 0x0000000087f00000, 0x0000000088000000|  0%| F|  |TAMS 0x0000000087f00000, 0x0000000087f00000| Untracked 

Card table byte_map: [0x0000020a2df70000,0x0000020a2e370000] _byte_map_base: 0x0000020a2db70000

Marking Bits (Prev, Next): (CMBitMap*) 0x0000020a15953fa8, (CMBitMap*) 0x0000020a15953fe0
 Prev Bits: [0x0000020a2e770000, 0x0000020a30770000)
 Next Bits: [0x0000020a30770000, 0x0000020a32770000)

Polling page: 0x0000020a15780000

Metaspace:

Usage:
  Non-class:     10.68 MB capacity,    10.50 MB ( 98%) used,   150.70 KB (  1%) free+waste,    27.75 KB ( <1%) overhead. 
      Class:      1.37 MB capacity,     1.25 MB ( 91%) used,   109.80 KB (  8%) free+waste,    14.94 KB (  1%) overhead. 
       Both:     12.05 MB capacity,    11.76 MB ( 98%) used,   260.51 KB (  2%) free+waste,    42.69 KB ( <1%) overhead. 

Virtual space:
  Non-class space:       12.00 MB reserved,      10.75 MB ( 90%) committed 
      Class space:        1.00 GB reserved,       1.38 MB ( <1%) committed 
             Both:        1.01 GB reserved,      12.13 MB (  1%) committed 

Chunk freelists:
   Non-Class:  1.13 KB
       Class:  128 bytes
        Both:  1.25 KB

CodeHeap 'non-profiled nmethods': size=239488Kb used=1277Kb max_used=1277Kb free=238210Kb
 bounds [0x0000020a1ed90000, 0x0000020a1f000000, 0x0000020a2d770000]
CodeHeap 'non-nmethods': size=6272Kb used=1106Kb max_used=1106Kb free=5165Kb
 bounds [0x0000020a1e770000, 0x0000020a1e9e0000, 0x0000020a1ed90000]
 total_blobs=1436 nmethods=1037 adapters=326
 compilation: enabled
              stopped_count=0, restarted_count=0
 full_count=0

Compilation events (10 events):
Event: 1.049 Thread 0x0000020a34b60000 1033       1       java.security.CodeSource::getLocation (5 bytes)
Event: 1.049 Thread 0x0000020a34b60000 nmethod 1033 0x0000020a1eece290 code [0x0000020a1eece420, 0x0000020a1eece4d8]
Event: 1.053 Thread 0x0000020a34b60000 1034       1       java.util.ArrayDeque::add (7 bytes)
Event: 1.054 Thread 0x0000020a34b60000 nmethod 1034 0x0000020a1eece590 code [0x0000020a1eece720, 0x0000020a1eece7e8]
Event: 1.056 Thread 0x0000020a34b60000 1035       1       java.lang.String::getChars (54 bytes)
Event: 1.056 Thread 0x0000020a34b60000 nmethod 1035 0x0000020a1eece890 code [0x0000020a1eecea60, 0x0000020a1eecec58]
Event: 1.057 Thread 0x0000020a34b60000 1036       1       java.lang.StringLatin1::getChars (12 bytes)
Event: 1.057 Thread 0x0000020a34b60000 nmethod 1036 0x0000020a1eeced90 code [0x0000020a1eecef20, 0x0000020a1eecf058]
Event: 1.061 Thread 0x0000020a34b60000 1037       1       java.lang.String::<init> (10 bytes)
Event: 1.061 Thread 0x0000020a34b60000 nmethod 1037 0x0000020a1eecf190 code [0x0000020a1eecf320, 0x0000020a1eecf408]

GC Heap History (6 events):
Event: 0.431 GC heap before
{Heap before GC invocations=0 (full 0):
 garbage-first heap   total 131072K, used 7168K [0x0000000080000000, 0x0000000100000000)
  region size 1024K, 7 young (7168K), 0 survivors (0K)
 Metaspace       used 5825K, capacity 5886K, committed 6016K, reserved 1056768K
  class space    used 515K, capacity 535K, committed 640K, reserved 1048576K
}
Event: 0.434 GC heap after
{Heap after GC invocations=1 (full 0):
 garbage-first heap   total 131072K, used 2626K [0x0000000080000000, 0x0000000100000000)
  region size 1024K, 1 young (1024K), 1 survivors (1024K)
 Metaspace       used 5825K, capacity 5886K, committed 6016K, reserved 1056768K
  class space    used 515K, capacity 535K, committed 640K, reserved 1048576K
}
Event: 0.495 GC heap before
{Heap before GC invocations=1 (full 0):
 garbage-first heap   total 131072K, used 7746K [0x0000000080000000, 0x0000000100000000)
  region size 1024K, 6 young (6144K), 1 survivors (1024K)
 Metaspace       used 5825K, capacity 5886K, committed 6016K, reserved 1056768K
  class space    used 515K, capacity 535K, committed 640K, reserved 1048576K
}
Event: 0.500 GC heap after
{Heap after GC invocations=2 (full 0):
 garbage-first heap   total 131072K, used 4637K [0x0000000080000000, 0x0000000100000000)
  region size 1024K, 1 young (1024K), 1 survivors (1024K)
 Metaspace       used 5825K, capacity 5886K, committed 6016K, reserved 1056768K
  class space    used 515K, capacity 535K, committed 640K, reserved 1048576K
}
Event: 1.062 GC heap before
{Heap before GC invocations=2 (full 0):
 garbage-first heap   total 131072K, used 14877K [0x0000000080000000, 0x0000000100000000)
  region size 1024K, 12 young (12288K), 1 survivors (1024K)
 Metaspace       used 12038K, capacity 12342K, committed 12416K, reserved 1060864K
  class space    used 1282K, capacity 1407K, committed 1408K, reserved 1048576K
}
Event: 1.077 GC heap after
{Heap after GC invocations=3 (full 0):
 garbage-first heap   total 131072K, used 6595K [0x0000000080000000, 0x0000000100000000)
  region size 1024K, 2 young (2048K), 2 survivors (2048K)
 Metaspace       used 12038K, capacity 12342K, committed 12416K, reserved 1060864K
  class space    used 1282K, capacity 1407K, committed 1408K, reserved 1048576K
}

Deoptimization events (0 events):
No events

Classes redefined (0 events):
No events

Internal exceptions (10 events):
Event: 0.708 Thread 0x0000020a15916000 Exception <a 'java/lang/NoSuchMethodError'{0x0000000087b28c90}: java.lang.invoke.DirectMethodHandle$Holder.invokeSpecialIFC(Ljava/lang/Object;Ljava/lang/Object;Ljava/lang/Object;)I> (0x0000000087b28c90) thrown at [./open/src/hotspot/share/interpreter/link
Event: 0.728 Thread 0x0000020a15916000 Exception <a 'java/lang/NoSuchMethodError'{0x0000000087b85910}: java.lang.invoke.DirectMethodHandle$Holder.invokeStatic(Ljava/lang/Object;IIII)Ljava/lang/Object;> (0x0000000087b85910) thrown at [./open/src/hotspot/share/interpreter/linkResolver.cpp, line 
Event: 0.728 Thread 0x0000020a15916000 Exception <a 'java/lang/NoSuchMethodError'{0x0000000087b88a28}: java.lang.invoke.DirectMethodHandle$Holder.invokeStaticInit(Ljava/lang/Object;IIII)Ljava/lang/Object;> (0x0000000087b88a28) thrown at [./open/src/hotspot/share/interpreter/linkResolver.cpp, l
Event: 0.842 Thread 0x0000020a15916000 Exception <a 'java/lang/NoSuchMethodError'{0x0000000087959b90}: java.lang.invoke.DirectMethodHandle$Holder.invokeStatic(Ljava/lang/Object;Ljava/lang/Object;IIII)Ljava/lang/Object;> (0x0000000087959b90) thrown at [./open/src/hotspot/share/interpreter/linkR
Event: 0.842 Thread 0x0000020a15916000 Exception <a 'java/lang/NoSuchMethodError'{0x000000008795ced8}: java.lang.invoke.DirectMethodHandle$Holder.invokeStaticInit(Ljava/lang/Object;Ljava/lang/Object;IIII)Ljava/lang/Object;> (0x000000008795ced8) thrown at [./open/src/hotspot/share/interpreter/l
Event: 0.858 Thread 0x0000020a15916000 Exception <a 'java/lang/ClassNotFoundException'{0x000000008797a5a8}: javax/management/remote/rmi/RMIServerImpl_Skel> (0x000000008797a5a8) thrown at [./open/src/hotspot/share/classfile/systemDictionary.cpp, line 227]
Event: 0.916 Thread 0x0000020a15916000 Exception <a 'java/lang/ClassNotFoundException'{0x00000000878418d0}: jdk/internal/agent/resources/spi/agentProvider> (0x00000000878418d0) thrown at [./open/src/hotspot/share/classfile/systemDictionary.cpp, line 227]
Event: 0.929 Thread 0x0000020a15916000 Exception <a 'java/lang/NoSuchMethodError'{0x0000000087897150}: java.lang.invoke.DirectMethodHandle$Holder.invokeStatic(Ljava/lang/Object;Ljava/lang/Object;Ljava/lang/Object;Ljava/lang/Object;Ljava/lang/Object;Ljava/lang/Object;Ljava/lang/Object;Ljava/lan
Event: 0.932 Thread 0x0000020a15916000 Exception <a 'java/lang/NoSuchMethodError'{0x00000000878a3970}: java.lang.invoke.DirectMethodHandle$Holder.invokeStatic(Ljava/lang/Object;Ljava/lang/Object;Ljava/lang/Object;Ljava/lang/Object;Ljava/lang/Object;Ljava/lang/Object;Ljava/lang/Object;Ljava/lan
Event: 0.936 Thread 0x0000020a15916000 Exception <a 'java/lang/NoSuchMethodError'{0x00000000878bd688}: java.lang.invoke.DelegatingMethodHandle$Holder.reinvoke_L(Ljava/lang/Object;ILjava/lang/Object;)Ljava/lang/Object;> (0x00000000878bd688) thrown at [./open/src/hotspot/share/interpreter/linkRe

Events (10 events):
Event: 1.054 loading class ch/qos/logback/classic/spi/LoggerContextVO done
Event: 1.055 loading class ch/qos/logback/classic/Logger
Event: 1.055 loading class ch/qos/logback/classic/Logger done
Event: 1.056 loading class ch/qos/logback/core/spi/AppenderAttachable
Event: 1.056 loading class ch/qos/logback/core/spi/AppenderAttachable done
Event: 1.060 loading class ch/qos/logback/classic/spi/ILoggingEvent
Event: 1.060 loading class ch/qos/logback/classic/spi/ILoggingEvent done
Event: 1.061 loading class ch/qos/logback/core/spi/DeferredProcessingAware
Event: 1.061 loading class ch/qos/logback/core/spi/DeferredProcessingAware done
Event: 1.061 Executing VM operation: CollectForMetadataAllocation


Dynamic libraries:
0x00007ff792680000 - 0x00007ff79268f000 	C:\Program Files\Java\jdk-11.0.13\bin\javaw.exe
0x00007ffdeffd0000 - 0x00007ffdf01c5000 	C:\Windows\SYSTEM32\ntdll.dll
0x00007ffdef9f0000 - 0x00007ffdefaad000 	C:\Windows\System32\KERNEL32.DLL
0x00007ffded8a0000 - 0x00007ffdedb6d000 	C:\Windows\System32\KERNELBASE.dll
0x00007ffdedb70000 - 0x00007ffdedc70000 	C:\Windows\System32\ucrtbase.dll
0x00007ffdd8dc0000 - 0x00007ffdd8dd8000 	C:\Program Files\Java\jdk-11.0.13\bin\jli.dll
0x00007ffdeeb70000 - 0x00007ffdeec1e000 	C:\Windows\System32\ADVAPI32.dll
0x00007ffdef7c0000 - 0x00007ffdef85e000 	C:\Windows\System32\msvcrt.dll
0x00007ffdefee0000 - 0x00007ffdeff7c000 	C:\Windows\System32\sechost.dll
0x00007ffdefc60000 - 0x00007ffdefd85000 	C:\Windows\System32\RPCRT4.dll
0x00007ffdef610000 - 0x00007ffdef7b0000 	C:\Windows\System32\USER32.dll
0x00007ffdedfc0000 - 0x00007ffdedfe2000 	C:\Windows\System32\win32u.dll
0x00007ffdeea90000 - 0x00007ffdeeaba000 	C:\Windows\System32\GDI32.dll
0x00007ffded6e0000 - 0x00007ffded7eb000 	C:\Windows\System32\gdi32full.dll
0x00007ffdeddc0000 - 0x00007ffdede5d000 	C:\Windows\System32\msvcp_win.dll
0x00007ffdd8b40000 - 0x00007ffdd8b55000 	C:\Program Files\Java\jdk-11.0.13\bin\VCRUNTIME140.dll
0x00007ffdcedd0000 - 0x00007ffdcf06a000 	C:\Windows\WinSxS\amd64_microsoft.windows.common-controls_6595b64144ccf1df_6.0.19041.1110_none_60b5254171f9507e\COMCTL32.dll
0x00007ffde5080000 - 0x00007ffde508a000 	C:\Windows\SYSTEM32\VERSION.dll
0x00007ffdee020000 - 0x00007ffdee050000 	C:\Windows\System32\IMM32.DLL
0x00007ffdd6570000 - 0x00007ffdd660b000 	C:\Program Files\Java\jdk-11.0.13\bin\msvcp140.dll
0x00007ffdc0940000 - 0x00007ffdc1453000 	C:\Program Files\Java\jdk-11.0.13\bin\server\jvm.dll
0x00007ffdeff80000 - 0x00007ffdeff88000 	C:\Windows\System32\PSAPI.DLL
0x00007ffde9160000 - 0x00007ffde9169000 	C:\Windows\SYSTEM32\WSOCK32.dll
0x00007ffdeea20000 - 0x00007ffdeea8b000 	C:\Windows\System32\WS2_32.dll
0x00007ffdcc8f0000 - 0x00007ffdcc917000 	C:\Windows\SYSTEM32\WINMM.dll
0x00007ffdeb5c0000 - 0x00007ffdeb5d2000 	C:\Windows\SYSTEM32\kernel.appcore.dll
0x00007ffde74e0000 - 0x00007ffde74f0000 	C:\Program Files\Java\jdk-11.0.13\bin\verify.dll
0x00007ffddf4c0000 - 0x00007ffddf6a4000 	C:\Windows\SYSTEM32\DBGHELP.DLL
0x00007ffddfdc0000 - 0x00007ffddfdec000 	C:\Windows\SYSTEM32\dbgcore.DLL
0x00007ffdedce0000 - 0x00007ffdedd62000 	C:\Windows\System32\bcryptPrimitives.dll
0x00007ffdd6120000 - 0x00007ffdd6148000 	C:\Program Files\Java\jdk-11.0.13\bin\java.dll
0x00007ffddaf60000 - 0x00007ffddaf6a000 	C:\Program Files\Java\jdk-11.0.13\bin\jimage.dll
0x00007ffdd8a70000 - 0x00007ffdd8a86000 	C:\Program Files\Java\jdk-11.0.13\bin\zip.dll
0x00007ffdeed10000 - 0x00007ffdef454000 	C:\Windows\System32\SHELL32.dll
0x00007ffdeb7c0000 - 0x00007ffdebf54000 	C:\Windows\SYSTEM32\windows.storage.dll
0x00007ffdee6c0000 - 0x00007ffdeea14000 	C:\Windows\System32\combase.dll
0x00007ffdecf90000 - 0x00007ffdecfbc000 	C:\Windows\SYSTEM32\Wldp.dll
0x00007ffdefd90000 - 0x00007ffdefe3d000 	C:\Windows\System32\SHCORE.dll
0x00007ffdee600000 - 0x00007ffdee655000 	C:\Windows\System32\shlwapi.dll
0x00007ffded620000 - 0x00007ffded63f000 	C:\Windows\SYSTEM32\profapi.dll
0x00007ffdd6100000 - 0x00007ffdd6119000 	C:\Program Files\Java\jdk-11.0.13\bin\net.dll
0x00007ffde4e50000 - 0x00007ffde4f5a000 	C:\Windows\SYSTEM32\WINHTTP.dll
0x00007ffdecd70000 - 0x00007ffdecdda000 	C:\Windows\system32\mswsock.dll
0x00007ffdd60e0000 - 0x00007ffdd60f2000 	C:\Program Files\Java\jdk-11.0.13\bin\nio.dll
0x00007ffdd8ed0000 - 0x00007ffdd8ed9000 	C:\Program Files\Java\jdk-11.0.13\bin\management.dll
0x00007ffdd8db0000 - 0x00007ffdd8dbb000 	C:\Program Files\Java\jdk-11.0.13\bin\management_ext.dll
0x00007ffdd4940000 - 0x00007ffdd4957000 	C:\Windows\system32\napinsp.dll
0x00007ffdd4920000 - 0x00007ffdd493b000 	C:\Windows\system32\pnrpnsp.dll
0x00007ffdd4900000 - 0x00007ffdd4915000 	C:\Windows\system32\wshbth.dll
0x00007ffde90a0000 - 0x00007ffde90bd000 	C:\Windows\system32\NLAapi.dll
0x00007ffdeca80000 - 0x00007ffdecabb000 	C:\Windows\SYSTEM32\IPHLPAPI.DLL
0x00007ffdecad0000 - 0x00007ffdecb9b000 	C:\Windows\SYSTEM32\DNSAPI.dll
0x00007ffdee4d0000 - 0x00007ffdee4d8000 	C:\Windows\System32\NSI.dll
0x00007ffdd48e0000 - 0x00007ffdd48f2000 	C:\Windows\System32\winrnr.dll
0x00007ffde4a70000 - 0x00007ffde4a7a000 	C:\Windows\System32\rasadhlp.dll
0x00007ffde4d60000 - 0x00007ffde4de0000 	C:\Windows\System32\fwpuclnt.dll
0x00007ffdedff0000 - 0x00007ffdee017000 	C:\Windows\System32\bcrypt.dll
0x00007ffdecfd0000 - 0x00007ffdecfe8000 	C:\Windows\SYSTEM32\CRYPTSP.dll
0x00007ffdec710000 - 0x00007ffdec744000 	C:\Windows\system32\rsaenh.dll
0x00007ffded5e0000 - 0x00007ffded60e000 	C:\Windows\SYSTEM32\USERENV.dll
0x00007ffdecf00000 - 0x00007ffdecf0c000 	C:\Windows\SYSTEM32\CRYPTBASE.dll
0x00007ffde5a20000 - 0x00007ffde5a37000 	C:\Windows\SYSTEM32\dhcpcsvc6.DLL
0x00007ffde5a00000 - 0x00007ffde5a1d000 	C:\Windows\SYSTEM32\dhcpcsvc.DLL

dbghelp: loaded successfully - version: 4.0.5 - missing functions: none
symbol engine: initialized successfully - sym options: 0x614 - pdb path: .;C:\Program Files\Java\jdk-11.0.13\bin;C:\Windows\SYSTEM32;C:\Windows\WinSxS\amd64_microsoft.windows.common-controls_6595b64144ccf1df_6.0.19041.1110_none_60b5254171f9507e;C:\Program Files\Java\jdk-11.0.13\bin\server

VM Arguments:
jvm_args: -Dcom.sun.management.jmxremote -Dcom.sun.management.jmxremote.port=54215 -Dcom.sun.management.jmxremote.authenticate=false -Dcom.sun.management.jmxremote.ssl=false -Djava.rmi.server.hostname=localhost -Dspring.jmx.enabled=true -Dspring.application.admin.enabled=true -XX:TieredStopAtLevel=1 -Dspring.boot.project.name=DiscoveryService -Dfile.encoding=UTF-8 
java_command: com.demo.DiscoveryServiceApplication --spring.output.ansi.enabled=always
java_class_path (initial): C:\Users\sfjbs\Documents\workspace-spring-tool-suite-4-4.14.1.RELEASE\DiscoveryService\target\classes;C:\Users\sfjbs\.m2\repository\org\springframework\cloud\spring-cloud-starter-netflix-eureka-server\3.1.3-SNAPSHOT\spring-cloud-starter-netflix-eureka-server-3.1.3-SNAPSHOT.jar;C:\Users\sfjbs\.m2\repository\org\springframework\cloud\spring-cloud-starter\3.1.3-SNAPSHOT\spring-cloud-starter-3.1.3-SNAPSHOT.jar;C:\Users\sfjbs\.m2\repository\org\springframework\cloud\spring-cloud-context\3.1.3-SNAPSHOT\spring-cloud-context-3.1.3-SNAPSHOT.jar;C:\Users\sfjbs\.m2\repository\org\springframework\security\spring-security-crypto\5.7.1\spring-security-crypto-5.7.1.jar;C:\Users\sfjbs\.m2\repository\org\springframework\cloud\spring-cloud-commons\3.1.3-SNAPSHOT\spring-cloud-commons-3.1.3-SNAPSHOT.jar;C:\Users\sfjbs\.m2\repository\org\springframework\security\spring-security-rsa\1.0.10.RELEASE\spring-security-rsa-1.0.10.RELEASE.jar;C:\Users\sfjbs\.m2\repository\org\bouncycastle\bcpkix-jdk15on\1.68\bcpkix-jdk15on-1.68.jar;C:\Users\sfjbs\.m2\repository\org\bouncycastle\bcprov-jdk15on\1.68\bcprov-jdk15on-1.68.jar;C:\Users\sfjbs\.m2\repository\org\springframework\cloud\spring-cloud-netflix-eureka-server\3.1.3-SNAPSHOT\spring-cloud-netflix-eureka-server-3.1.3-SNAPSHOT.jar;C:\Users\sfjbs\.m2\repository\org\springframework\boot\spring-boot-starter-web\2.7.0\spring-boot-starter-web-2.7.0.jar;C:\Users\sfjbs\.m2\repository\org\springframework\boot\spring-boot-starter-json\2.7.0\spring-boot-starter-json-2.7.0.jar;C:\Users\sfjbs\.m2\repository\com\fasterxml\jackson\datatype\jackson-datatype-jdk8\2.13.3\jackson-datatype-jdk8-2.13.3.jar;C:\Users\sfjbs\.m2\repository\com\fasterxml\jackson\datatype\jackson-datatype-jsr310\2.13.3\jackson-datatype-jsr310-2.13.3.jar;C:\Users\sfjbs\.m2\repository\com\fasterxml\jackson\module\jackson-module-parameter-names\2.13.3\jackson-module-parameter-names-2.13.3.jar;C:\Users\sfjbs\.m2\repository\org\springframework\boot\spring-boot-start
Launcher Type: SUN_STANDARD

[Global flags]
     intx CICompilerCount                          = 2                                         {product} {ergonomic}
     uint ConcGCThreads                            = 1                                         {product} {ergonomic}
     uint G1ConcRefinementThreads                  = 2                                         {product} {ergonomic}
   size_t G1HeapRegionSize                         = 1048576                                   {product} {ergonomic}
    uintx GCDrainStackTargetSize                   = 64                                        {product} {ergonomic}
   size_t InitialHeapSize                          = 134217728                                 {product} {ergonomic}
     bool ManagementServer                         = true                                      {product} {command line}
   size_t MarkStackSize                            = 4194304                                   {product} {ergonomic}
   size_t MaxHeapSize                              = 2147483648                                {product} {ergonomic}
   size_t MaxNewSize                               = 1287651328                                {product} {ergonomic}
   size_t MinHeapDeltaBytes                        = 1048576                                   {product} {ergonomic}
    uintx NonNMethodCodeHeapSize                   = 6396312                                {pd product} {ergonomic}
    uintx NonProfiledCodeHeapSize                  = 245261928                              {pd product} {ergonomic}
    uintx ProfiledCodeHeapSize                     = 0                                      {pd product} {ergonomic}
    uintx ReservedCodeCacheSize                    = 251658240                              {pd product} {ergonomic}
     bool SegmentedCodeCache                       = true                                      {product} {ergonomic}
     intx TieredStopAtLevel                        = 1                                         {product} {command line}
     bool UseCompressedClassPointers               = true                                 {lp64_product} {ergonomic}
     bool UseCompressedOops                        = true                                 {lp64_product} {ergonomic}
     bool UseG1GC                                  = true                                      {product} {ergonomic}
     bool UseLargePagesIndividualAllocation        = false                                  {pd product} {ergonomic}

Logging:
Log output configuration:
 #0: stdout all=warning uptime,level,tags
 #1: stderr all=off uptime,level,tags

Environment Variables:
PATH=C:/Users/sfjbs/Downloads/sts-4.14.1.RELEASE//plugins/org.eclipse.justj.openjdk.hotspot.jre.full.win32.x86_64_17.0.2.v20220201-1208/jre/bin/server;C:/Users/sfjbs/Downloads/sts-4.14.1.RELEASE//plugins/org.eclipse.justj.openjdk.hotspot.jre.full.win32.x86_64_17.0.2.v20220201-1208/jre/bin;C:\Program Files\Common Files\Oracle\Java\javapath;C:\Windows\system32;C:\Windows;C:\Windows\System32\Wbem;C:\Windows\System32\WindowsPowerShell\v1.0\;C:\Windows\System32\OpenSSH\;C:\Users\sfjbs\Downloads\javamicro-20220514T101901Z-001\javamicro\apache-maven-3.8.5-bin\apache-maven-3.8.5\bin;C:\Users\sfjbs\Downloads\javamicro-20220514T101901Z-001\javamicro\apache-maven-3.8.5-bin\apache-maven-3.8.5\lib;C:\Program Files\Git\cmd;C:\Program Files\Docker\Docker\resources\bin;C:\ProgramData\DockerDesktop\version-bin;C:\Users\sfjbs\AppData\Local\Microsoft\WindowsApps;C:\Users\sfjbs\Downloads\javamicro-20220514T101901Z-001\javamicro\apache-maven-3.8.5-bin\apache-maven-3.8.5\bin;C:\Users\sfjbs\Downloads\javamicro-20220514T101901Z-001\javamicro\apache-maven-3.8.5-bin\apache-maven-3.8.5\lib;;C:\Program Files\JetBrains\IntelliJ IDEA Community Edition 2021.3.3\bin;;C:\Users\sfjbs\Downloads\sts-4.14.1.RELEASE;
USERNAME=sfjbs
OS=Windows_NT
PROCESSOR_IDENTIFIER=Intel64 Family 6 Model 85 Stepping 7, GenuineIntel



---------------  S Y S T E M  ---------------

OS: Windows 10 , 64 bit Build 19041 (10.0.19041.1706)
Hyper-V role detected

CPU:total 2 (initial active 2) (1 cores per cpu, 2 threads per core) family 6 model 85 stepping 7 microcode 0xffffffff, cmov, cx8, fxsr, mmx, sse, sse2, sse3, ssse3, sse4.1, sse4.2, popcnt, avx, avx2, aes, clmul, erms, rtm, 3dnowpref, lzcnt, ht, tsc, bmi1, bmi2, adx, evex, fma

Memory: 4k page, system-wide physical 8190M (357M free)
TotalPageFile size 10238M (AvailPageFile size 0M)
current process WorkingSet (physical memory assigned to process): 63M, peak: 63M
current process commit charge ("private bytes"): 203M, peak: 204M

vm_info: Java HotSpot(TM) 64-Bit Server VM (11.0.13+10-LTS-370) for windows-amd64 JRE (11.0.13+10-LTS-370), built on Sep 15 2021 22:10:36 by "mach5one" with MS VC++ 15.9 (VS2017)

END.
