#
# There is insufficient memory for the Java Runtime Environment to continue.
# Native memory allocation (mmap) failed to map 134217728 bytes for Failed to commit area from 0x0000000080000000 to 0x0000000088000000 of length 134217728.
# Possible reasons:
#   The system is out of physical RAM or swap space
#   The process is running with CompressedOops enabled, and the Java Heap may be blocking the growth of the native heap
# Possible solutions:
#   Reduce memory load on the system
#   Increase physical memory or swap space
#   Check if swap backing store is full
#   Decrease Java heap size (-Xmx/-Xms)
#   Decrease number of Java threads
#   Decrease Java thread stack sizes (-Xss)
#   Set larger code cache with -XX:ReservedCodeCacheSize=
# This output file may be truncated or incomplete.
#
#  Out of Memory Error (./open/src/hotspot/os/windows/os_windows.cpp:3276), pid=2732, tid=6784
#
# JRE version:  (11.0.13+10) (build )
# Java VM: Java HotSpot(TM) 64-Bit Server VM (11.0.13+10-LTS-370, mixed mode, sharing, tiered, compressed oops, g1 gc, windows-amd64)
# No core dump will be written. Minidumps are not enabled by default on client versions of Windows
#

---------------  S U M M A R Y ------------

Command Line: -Dmaven.home=EMBEDDED -Dclassworlds.conf=C:\Users\sfjbs\Documents\workspace-spring-tool-suite-4-4.14.1.RELEASE\.metadata\.plugins\org.eclipse.m2e.launching\launches\m2conf10903768987989025897.tmp -Dmaven.multiModuleProjectDirectory=C:\Users\sfjbs\Documents\workspace-spring-tool-suite-4-4.14.1.RELEASE\jnnce -Djansi.force=true -Djansi.passthrough=true -Dfile.encoding=Cp1252 org.codehaus.plexus.classworlds.launcher.Launcher -Ppom.xml -B install -Dstyle.color=always

Host: Intel(R) Xeon(R) Platinum 8272CL CPU @ 2.60GHz, 2 cores, 7G,  Windows 10 , 64 bit Build 19041 (10.0.19041.1706)
Time: Tue May 24 17:45:18 2022 India Standard Time elapsed time: 0.040131 seconds (0d 0h 0m 0s)

---------------  T H R E A D  ---------------

Current thread (0x000002419edd4800):  JavaThread "Unknown thread" [_thread_in_vm, id=6784, stack(0x000000ebdc100000,0x000000ebdc200000)]

Stack: [0x000000ebdc100000,0x000000ebdc200000]
Native frames: (J=compiled Java code, j=interpreted, Vv=VM code, C=native code)
V  [jvm.dll+0x62870a]
V  [jvm.dll+0x761f2f]
V  [jvm.dll+0x7635d9]
V  [jvm.dll+0x763c63]
V  [jvm.dll+0x23d728]
V  [jvm.dll+0x625aba]
V  [jvm.dll+0x61a855]
V  [jvm.dll+0x2f242c]
V  [jvm.dll+0x2f22b2]
V  [jvm.dll+0x2f6fd6]
V  [jvm.dll+0x3395ff]
V  [jvm.dll+0x339030]
V  [jvm.dll+0x2cfa38]
V  [jvm.dll+0x2d0ba6]
V  [jvm.dll+0x73c547]
V  [jvm.dll+0x73dddf]
V  [jvm.dll+0x346369]
V  [jvm.dll+0x721e60]
V  [jvm.dll+0x3b500f]
V  [jvm.dll+0x3b7121]
C  [jli.dll+0x5207]
C  [ucrtbase.dll+0x21bb2]
C  [KERNEL32.DLL+0x17034]
C  [ntdll.dll+0x52651]


---------------  P R O C E S S  ---------------

Threads class SMR info:
_java_thread_list=0x000002419ecd5c90, length=0, elements={
}

Java Threads: ( => current thread )

Other Threads:
  0x000002419edec800 GCTaskThread "GC Thread#0" [stack: 0x000000ebdc200000,0x000000ebdc300000] [id=7680]
  0x000002419ee1b800 ConcurrentGCThread "G1 Main Marker" [stack: 0x000000ebdc300000,0x000000ebdc400000] [id=6244]
  0x000002419ee1d800 ConcurrentGCThread "G1 Conc#0" [stack: 0x000000ebdc400000,0x000000ebdc500000] [id=4192]

[error occurred during error reporting (printing all threads), id 0xc0000005, EXCEPTION_ACCESS_VIOLATION (0xc0000005) at pc=0x00007ff825cdecc7]

VM state:not at safepoint (not fully initialized)

VM Mutex/Monitor currently owned by a thread:  ([mutex/lock_event])
[0x000002419edd2700] Heap_lock - owner thread: 0x000002419edd4800

Heap address: 0x0000000080000000, size: 2048 MB, Compressed Oops mode: Non-zero based: 0x0000000080000000
Narrow klass base: 0x0000000000000000, Narrow klass shift: 0

GC Heap History (0 events):
No events

Deoptimization events (0 events):
No events

Classes redefined (0 events):
No events

Internal exceptions (0 events):
No events

Events (0 events):
No events


Dynamic libraries:
0x00007ff6defb0000 - 0x00007ff6defbf000 	C:\Program Files\Java\jdk-11.0.13\bin\javaw.exe
0x00007ff8671d0000 - 0x00007ff8673c5000 	C:\Windows\SYSTEM32\ntdll.dll
0x00007ff866d80000 - 0x00007ff866e3d000 	C:\Windows\System32\KERNEL32.DLL
0x00007ff864c30000 - 0x00007ff864efd000 	C:\Windows\System32\KERNELBASE.dll
0x00007ff864f00000 - 0x00007ff865000000 	C:\Windows\System32\ucrtbase.dll
0x00007ff8491b0000 - 0x00007ff8491c8000 	C:\Program Files\Java\jdk-11.0.13\bin\jli.dll
0x00007ff865be0000 - 0x00007ff865c8e000 	C:\Windows\System32\ADVAPI32.dll
0x00007ff865580000 - 0x00007ff86561e000 	C:\Windows\System32\msvcrt.dll
0x00007ff866ae0000 - 0x00007ff866b7c000 	C:\Windows\System32\sechost.dll
0x00007ff866e40000 - 0x00007ff866f65000 	C:\Windows\System32\RPCRT4.dll
0x00007ff866b80000 - 0x00007ff866d20000 	C:\Windows\System32\USER32.dll
0x00007ff8649a0000 - 0x00007ff8649c2000 	C:\Windows\System32\win32u.dll
0x00007ff865620000 - 0x00007ff86564a000 	C:\Windows\System32\GDI32.dll
0x00007ff8649d0000 - 0x00007ff864adb000 	C:\Windows\System32\gdi32full.dll
0x00007ff864ae0000 - 0x00007ff864b7d000 	C:\Windows\System32\msvcp_win.dll
0x00007ff849130000 - 0x00007ff849145000 	C:\Program Files\Java\jdk-11.0.13\bin\VCRUNTIME140.dll
0x00007ff846f30000 - 0x00007ff8471ca000 	C:\Windows\WinSxS\amd64_microsoft.windows.common-controls_6595b64144ccf1df_6.0.19041.1110_none_60b5254171f9507e\COMCTL32.dll
0x00007ff85c720000 - 0x00007ff85c72a000 	C:\Windows\SYSTEM32\VERSION.dll
0x00007ff867160000 - 0x00007ff867190000 	C:\Windows\System32\IMM32.DLL
0x00007ff83db90000 - 0x00007ff83dc2b000 	C:\Program Files\Java\jdk-11.0.13\bin\msvcp140.dll
0x00007ff825a00000 - 0x00007ff826513000 	C:\Program Files\Java\jdk-11.0.13\bin\server\jvm.dll
0x00007ff865760000 - 0x00007ff865768000 	C:\Windows\System32\PSAPI.DLL
0x00007ff85cc70000 - 0x00007ff85cc79000 	C:\Windows\SYSTEM32\WSOCK32.dll
0x00007ff8670f0000 - 0x00007ff86715b000 	C:\Windows\System32\WS2_32.dll
0x00007ff845260000 - 0x00007ff845287000 	C:\Windows\SYSTEM32\WINMM.dll
0x00007ff8627c0000 - 0x00007ff8627d2000 	C:\Windows\SYSTEM32\kernel.appcore.dll
0x00007ff84db70000 - 0x00007ff84db80000 	C:\Program Files\Java\jdk-11.0.13\bin\verify.dll
0x00007ff85ca60000 - 0x00007ff85cc44000 	C:\Windows\SYSTEM32\DBGHELP.DLL
0x00007ff85ca10000 - 0x00007ff85ca3c000 	C:\Windows\SYSTEM32\dbgcore.DLL
0x00007ff8648e0000 - 0x00007ff864962000 	C:\Windows\System32\bcryptPrimitives.dll
0x00007ff848e80000 - 0x00007ff848ea8000 	C:\Program Files\Java\jdk-11.0.13\bin\java.dll
0x00007ff84da00000 - 0x00007ff84da0a000 	C:\Program Files\Java\jdk-11.0.13\bin\jimage.dll
0x00007ff848e50000 - 0x00007ff848e66000 	C:\Program Files\Java\jdk-11.0.13\bin\zip.dll

dbghelp: loaded successfully - version: 4.0.5 - missing functions: none
symbol engine: initialized successfully - sym options: 0x614 - pdb path: .;C:\Program Files\Java\jdk-11.0.13\bin;C:\Windows\SYSTEM32;C:\Windows\WinSxS\amd64_microsoft.windows.common-controls_6595b64144ccf1df_6.0.19041.1110_none_60b5254171f9507e;C:\Program Files\Java\jdk-11.0.13\bin\server

VM Arguments:
jvm_args: -Dmaven.home=EMBEDDED -Dclassworlds.conf=C:\Users\sfjbs\Documents\workspace-spring-tool-suite-4-4.14.1.RELEASE\.metadata\.plugins\org.eclipse.m2e.launching\launches\m2conf10903768987989025897.tmp -Dmaven.multiModuleProjectDirectory=C:\Users\sfjbs\Documents\workspace-spring-tool-suite-4-4.14.1.RELEASE\jnnce -Djansi.force=true -Djansi.passthrough=true -Dfile.encoding=Cp1252 
java_command: org.codehaus.plexus.classworlds.launcher.Launcher -Ppom.xml -B install -Dstyle.color=always
java_class_path (initial): C:\Users\sfjbs\Downloads\sts-4.14.1.RELEASE\plugins\org.eclipse.m2e.maven.runtime_1.18.3.20220227-1319\jars\plexus-classworlds-2.6.0.jar
Launcher Type: SUN_STANDARD

[Global flags]
     intx CICompilerCount                          = 2                                         {product} {ergonomic}
     uint ConcGCThreads                            = 1                                         {product} {ergonomic}
     uint G1ConcRefinementThreads                  = 2                                         {product} {ergonomic}
   size_t G1HeapRegionSize                         = 1048576                                   {product} {ergonomic}
    uintx GCDrainStackTargetSize                   = 64                                        {product} {ergonomic}
   size_t InitialHeapSize                          = 134217728                                 {product} {ergonomic}
   size_t MarkStackSize                            = 4194304                                   {product} {ergonomic}
   size_t MaxHeapSize                              = 2147483648                                {product} {ergonomic}
   size_t MinHeapDeltaBytes                        = 1048576                                   {product} {ergonomic}
    uintx NonNMethodCodeHeapSize                   = 5825164                                {pd product} {ergonomic}
    uintx NonProfiledCodeHeapSize                  = 122916538                              {pd product} {ergonomic}
    uintx ProfiledCodeHeapSize                     = 122916538                              {pd product} {ergonomic}
    uintx ReservedCodeCacheSize                    = 251658240                              {pd product} {ergonomic}
     bool SegmentedCodeCache                       = true                                      {product} {ergonomic}
     bool UseCompressedClassPointers               = true                                 {lp64_product} {ergonomic}
     bool UseCompressedOops                        = true                                 {lp64_product} {ergonomic}
     bool UseG1GC                                  = true                                      {product} {ergonomic}
     bool UseLargePagesIndividualAllocation        = false                                  {pd product} {ergonomic}

Logging:
Log output configuration:
 #0: stdout all=warning uptime,level,tags
 #1: stderr all=off uptime,level,tags

Environment Variables:
PATH=C:/Users/sfjbs/Downloads/sts-4.14.1.RELEASE//plugins/org.eclipse.justj.openjdk.hotspot.jre.full.win32.x86_64_17.0.2.v20220201-1208/jre/bin/server;C:/Users/sfjbs/Downloads/sts-4.14.1.RELEASE//plugins/org.eclipse.justj.openjdk.hotspot.jre.full.win32.x86_64_17.0.2.v20220201-1208/jre/bin;C:\Program Files\Common Files\Oracle\Java\javapath;C:\Windows\system32;C:\Windows;C:\Windows\System32\Wbem;C:\Windows\System32\WindowsPowerShell\v1.0\;C:\Windows\System32\OpenSSH\;C:\Users\sfjbs\Downloads\javamicro-20220514T101901Z-001\javamicro\apache-maven-3.8.5-bin\apache-maven-3.8.5\bin;C:\Users\sfjbs\Downloads\javamicro-20220514T101901Z-001\javamicro\apache-maven-3.8.5-bin\apache-maven-3.8.5\lib;C:\Program Files\Git\cmd;C:\Program Files\Docker\Docker\resources\bin;C:\ProgramData\DockerDesktop\version-bin;C:\Users\sfjbs\AppData\Local\Microsoft\WindowsApps;C:\Users\sfjbs\Downloads\javamicro-20220514T101901Z-001\javamicro\apache-maven-3.8.5-bin\apache-maven-3.8.5\bin;C:\Users\sfjbs\Downloads\javamicro-20220514T101901Z-001\javamicro\apache-maven-3.8.5-bin\apache-maven-3.8.5\lib;;C:\Program Files\JetBrains\IntelliJ IDEA Community Edition 2021.3.3\bin;;C:\Users\sfjbs\Downloads\sts-4.14.1.RELEASE;
USERNAME=sfjbs
OS=Windows_NT
PROCESSOR_IDENTIFIER=Intel64 Family 6 Model 85 Stepping 7, GenuineIntel



---------------  S Y S T E M  ---------------

OS: Windows 10 , 64 bit Build 19041 (10.0.19041.1706)
Hyper-V role detected

CPU:total 2 (initial active 2) (1 cores per cpu, 2 threads per core) family 6 model 85 stepping 7 microcode 0xffffffff, cmov, cx8, fxsr, mmx, sse, sse2, sse3, ssse3, sse4.1, sse4.2, popcnt, avx, avx2, aes, clmul, erms, rtm, 3dnowpref, lzcnt, ht, tsc, bmi1, bmi2, adx, evex, fma

Memory: 4k page, system-wide physical 8190M (2119M free)
TotalPageFile size 10238M (AvailPageFile size 17M)
current process WorkingSet (physical memory assigned to process): 9M, peak: 9M
current process commit charge ("private bytes"): 47M, peak: 175M

vm_info: Java HotSpot(TM) 64-Bit Server VM (11.0.13+10-LTS-370) for windows-amd64 JRE (11.0.13+10-LTS-370), built on Sep 15 2021 22:10:36 by "mach5one" with MS VC++ 15.9 (VS2017)

END.
